<?xml version="1.0" encoding="UTF-8"?>
<!-- Generated by org.testng.reporters.JUnitXMLReporter -->
<testsuite ignored="0" hostname="DESKTOP-7KJRG4O" failures="2" tests="4" name="apiTest" time="8.628" errors="0" timestamp="2023-08-16T11:13:13 IST">
  <testcase classname="com.test.testcases.UserTest" name="create_user" time="3.703">
    <failure type="java.lang.AssertionError" message="expected [201] but found [200]">
      <![CDATA[java.lang.AssertionError: expected [201] but found [200]
at com.test.testcases.UserTest.create_user(UserTest.java:55)
at java.base/java.util.ArrayList.forEach(ArrayList.java:1511)
... Removed 32 stack frames]]>
    </failure>
  </testcase> <!-- create_user -->
  <testcase classname="com.test.testcases.UserTest" name="create_user" time="1.165">
    <failure type="java.lang.AssertionError" message="expected [201] but found [200]">
      <![CDATA[java.lang.AssertionError: expected [201] but found [200]
at com.test.testcases.UserTest.create_user(UserTest.java:55)
at java.base/java.util.ArrayList.forEach(ArrayList.java:1511)
... Removed 32 stack frames]]>
    </failure>
  </testcase> <!-- create_user -->
  <testcase classname="com.test.testcases.UserTest" name="get_user" time="1.142"/>
  <testcase classname="com.test.testcases.UserTest" name="get_user" time="1.144"/>
</testsuite> <!-- apiTest -->
